CRITICAL - 2023-05-09 00:58:42 --> Call to undefined function App\Controllers\show_404()
in APPPATH\Controllers\Redirect.php on line 59.
 1 SYSTEMPATH\CodeIgniter.php(934): App\Controllers\Redirect->index('', '')
 2 SYSTEMPATH\CodeIgniter.php(499): CodeIgniter\CodeIgniter->runController(Object(App\Controllers\Redirect))
 3 SYSTEMPATH\CodeIgniter.php(368): CodeIgniter\CodeIgniter->handleRequest(null, Object(Config\Cache), false)
 4 FCPATH\index.php(67): CodeIgniter\CodeIgniter->run()
CRITICAL - 2023-05-09 06:26:10 --> Call to undefined function App\Controllers\show_404()
in APPPATH\Controllers\Redirect.php on line 59.
 1 SYSTEMPATH\CodeIgniter.php(934): App\Controllers\Redirect->index('i5EBrpq7Hg')
 2 SYSTEMPATH\CodeIgniter.php(499): CodeIgniter\CodeIgniter->runController(Object(App\Controllers\Redirect))
 3 SYSTEMPATH\CodeIgniter.php(368): CodeIgniter\CodeIgniter->handleRequest(null, Object(Config\Cache), false)
 4 FCPATH\index.php(67): CodeIgniter\CodeIgniter->run()
CRITICAL - 2023-05-09 06:26:10 --> Call to undefined function App\Controllers\show_404()
in APPPATH\Controllers\Redirect.php on line 59.
 1 SYSTEMPATH\CodeIgniter.php(934): App\Controllers\Redirect->index('favicon.ico')
 2 SYSTEMPATH\CodeIgniter.php(499): CodeIgniter\CodeIgniter->runController(Object(App\Controllers\Redirect))
 3 SYSTEMPATH\CodeIgniter.php(368): CodeIgniter\CodeIgniter->handleRequest(null, Object(Config\Cache), false)
 4 FCPATH\index.php(67): CodeIgniter\CodeIgniter->run()
CRITICAL - 2023-05-09 07:36:17 --> Call to undefined function App\Controllers\show_404()
in APPPATH\Controllers\Redirect.php on line 59.
 1 SYSTEMPATH\CodeIgniter.php(934): App\Controllers\Redirect->index('a8lMWXVdgQ')
 2 SYSTEMPATH\CodeIgniter.php(499): CodeIgniter\CodeIgniter->runController(Object(App\Controllers\Redirect))
 3 SYSTEMPATH\CodeIgniter.php(368): CodeIgniter\CodeIgniter->handleRequest(null, Object(Config\Cache), false)
 4 FCPATH\index.php(67): CodeIgniter\CodeIgniter->run()
CRITICAL - 2023-05-09 07:36:17 --> Call to undefined function App\Controllers\show_404()
in APPPATH\Controllers\Redirect.php on line 59.
 1 SYSTEMPATH\CodeIgniter.php(934): App\Controllers\Redirect->index('favicon.ico')
 2 SYSTEMPATH\CodeIgniter.php(499): CodeIgniter\CodeIgniter->runController(Object(App\Controllers\Redirect))
 3 SYSTEMPATH\CodeIgniter.php(368): CodeIgniter\CodeIgniter->handleRequest(null, Object(Config\Cache), false)
 4 FCPATH\index.php(67): CodeIgniter\CodeIgniter->run()
