CRITICAL - 2023-05-16 04:03:18 --> Call to undefined function App\Controllers\show_404()
in APPPATH\Controllers\Redirect.php on line 59.
 1 SYSTEMPATH\CodeIgniter.php(934): App\Controllers\Redirect->index('favicon.ico')
 2 SYSTEMPATH\CodeIgniter.php(499): CodeIgniter\CodeIgniter->runController(Object(App\Controllers\Redirect))
 3 SYSTEMPATH\CodeIgniter.php(368): CodeIgniter\CodeIgniter->handleRequest(null, Object(Config\Cache), false)
 4 FCPATH\index.php(67): CodeIgniter\CodeIgniter->run()
CRITICAL - 2023-05-16 04:03:34 --> Call to undefined function App\Controllers\show_404()
in APPPATH\Controllers\Redirect.php on line 59.
 1 SYSTEMPATH\CodeIgniter.php(934): App\Controllers\Redirect->index('favicon.ico')
 2 SYSTEMPATH\CodeIgniter.php(499): CodeIgniter\CodeIgniter->runController(Object(App\Controllers\Redirect))
 3 SYSTEMPATH\CodeIgniter.php(368): CodeIgniter\CodeIgniter->handleRequest(null, Object(Config\Cache), false)
 4 FCPATH\index.php(67): CodeIgniter\CodeIgniter->run()
CRITICAL - 2023-05-16 04:03:49 --> Call to undefined function App\Controllers\show_404()
in APPPATH\Controllers\Redirect.php on line 59.
 1 SYSTEMPATH\CodeIgniter.php(934): App\Controllers\Redirect->index('qwrrqwr')
 2 SYSTEMPATH\CodeIgniter.php(499): CodeIgniter\CodeIgniter->runController(Object(App\Controllers\Redirect))
 3 SYSTEMPATH\CodeIgniter.php(368): CodeIgniter\CodeIgniter->handleRequest(null, Object(Config\Cache), false)
 4 FCPATH\index.php(67): CodeIgniter\CodeIgniter->run()
CRITICAL - 2023-05-16 04:03:49 --> Call to undefined function App\Controllers\show_404()
in APPPATH\Controllers\Redirect.php on line 59.
 1 SYSTEMPATH\CodeIgniter.php(934): App\Controllers\Redirect->index('favicon.ico')
 2 SYSTEMPATH\CodeIgniter.php(499): CodeIgniter\CodeIgniter->runController(Object(App\Controllers\Redirect))
 3 SYSTEMPATH\CodeIgniter.php(368): CodeIgniter\CodeIgniter->handleRequest(null, Object(Config\Cache), false)
 4 FCPATH\index.php(67): CodeIgniter\CodeIgniter->run()
CRITICAL - 2023-05-16 04:04:14 --> Call to undefined function App\Controllers\show_404()
in APPPATH\Controllers\Redirect.php on line 59.
 1 SYSTEMPATH\CodeIgniter.php(934): App\Controllers\Redirect->index('favicon.ico')
 2 SYSTEMPATH\CodeIgniter.php(499): CodeIgniter\CodeIgniter->runController(Object(App\Controllers\Redirect))
 3 SYSTEMPATH\CodeIgniter.php(368): CodeIgniter\CodeIgniter->handleRequest(null, Object(Config\Cache), false)
 4 FCPATH\index.php(67): CodeIgniter\CodeIgniter->run()
