CRITICAL - 2023-04-19 08:44:16 --> Call to undefined function App\Controllers\show_404()
in APPPATH\Controllers\Redirect.php on line 26.
 1 SYSTEMPATH\CodeIgniter.php(934): App\Controllers\Redirect->index('', '')
 2 SYSTEMPATH\CodeIgniter.php(499): CodeIgniter\CodeIgniter->runController(Object(App\Controllers\Redirect))
 3 SYSTEMPATH\CodeIgniter.php(368): CodeIgniter\CodeIgniter->handleRequest(null, Object(Config\Cache), false)
 4 FCPATH\index.php(67): CodeIgniter\CodeIgniter->run()
CRITICAL - 2023-04-19 08:44:16 --> Call to undefined function App\Controllers\show_404()
in APPPATH\Controllers\Redirect.php on line 26.
 1 SYSTEMPATH\CodeIgniter.php(934): App\Controllers\Redirect->index('favicon.ico')
 2 SYSTEMPATH\CodeIgniter.php(499): CodeIgniter\CodeIgniter->runController(Object(App\Controllers\Redirect))
 3 SYSTEMPATH\CodeIgniter.php(368): CodeIgniter\CodeIgniter->handleRequest(null, Object(Config\Cache), false)
 4 FCPATH\index.php(67): CodeIgniter\CodeIgniter->run()
CRITICAL - 2023-04-19 08:49:24 --> Call to undefined function App\Controllers\show_404()
in APPPATH\Controllers\Redirect.php on line 26.
 1 SYSTEMPATH\CodeIgniter.php(934): App\Controllers\Redirect->index('', '')
 2 SYSTEMPATH\CodeIgniter.php(499): CodeIgniter\CodeIgniter->runController(Object(App\Controllers\Redirect))
 3 SYSTEMPATH\CodeIgniter.php(368): CodeIgniter\CodeIgniter->handleRequest(null, Object(Config\Cache), false)
 4 FCPATH\index.php(67): CodeIgniter\CodeIgniter->run()
CRITICAL - 2023-04-19 08:49:24 --> Call to undefined function App\Controllers\show_404()
in APPPATH\Controllers\Redirect.php on line 26.
 1 SYSTEMPATH\CodeIgniter.php(934): App\Controllers\Redirect->index('favicon.ico')
 2 SYSTEMPATH\CodeIgniter.php(499): CodeIgniter\CodeIgniter->runController(Object(App\Controllers\Redirect))
 3 SYSTEMPATH\CodeIgniter.php(368): CodeIgniter\CodeIgniter->handleRequest(null, Object(Config\Cache), false)
 4 FCPATH\index.php(67): CodeIgniter\CodeIgniter->run()
CRITICAL - 2023-04-19 08:49:33 --> Call to undefined function App\Controllers\show_404()
in APPPATH\Controllers\Redirect.php on line 26.
 1 SYSTEMPATH\CodeIgniter.php(934): App\Controllers\Redirect->index('', '')
 2 SYSTEMPATH\CodeIgniter.php(499): CodeIgniter\CodeIgniter->runController(Object(App\Controllers\Redirect))
 3 SYSTEMPATH\CodeIgniter.php(368): CodeIgniter\CodeIgniter->handleRequest(null, Object(Config\Cache), false)
 4 FCPATH\index.php(67): CodeIgniter\CodeIgniter->run()
CRITICAL - 2023-04-19 08:49:33 --> Call to undefined function App\Controllers\show_404()
in APPPATH\Controllers\Redirect.php on line 26.
 1 SYSTEMPATH\CodeIgniter.php(934): App\Controllers\Redirect->index('favicon.ico')
 2 SYSTEMPATH\CodeIgniter.php(499): CodeIgniter\CodeIgniter->runController(Object(App\Controllers\Redirect))
 3 SYSTEMPATH\CodeIgniter.php(368): CodeIgniter\CodeIgniter->handleRequest(null, Object(Config\Cache), false)
 4 FCPATH\index.php(67): CodeIgniter\CodeIgniter->run()
CRITICAL - 2023-04-19 08:49:34 --> Call to undefined function App\Controllers\show_404()
in APPPATH\Controllers\Redirect.php on line 26.
 1 SYSTEMPATH\CodeIgniter.php(934): App\Controllers\Redirect->index('favicon.ico')
 2 SYSTEMPATH\CodeIgniter.php(499): CodeIgniter\CodeIgniter->runController(Object(App\Controllers\Redirect))
 3 SYSTEMPATH\CodeIgniter.php(368): CodeIgniter\CodeIgniter->handleRequest(null, Object(Config\Cache), false)
 4 FCPATH\index.php(67): CodeIgniter\CodeIgniter->run()
