CRITICAL - 2023-04-13 03:35:23 --> You must set the database table to be used with your query.
in SYSTEMPATH\Database\BaseConnection.php on line 882.
 1 SYSTEMPATH\Model.php(642): CodeIgniter\Database\BaseConnection->table(null)
 2 SYSTEMPATH\Model.php(803): CodeIgniter\Model->builder()
 3 APPPATH\Models\UrlModel.php(32): CodeIgniter\Model->__get('input')
 4 APPPATH\Controllers\Redirect.php(19): App\Models\UrlModel->updateClickCnt('RjefgX4DEZ')
 5 SYSTEMPATH\CodeIgniter.php(934): App\Controllers\Redirect->index('RjefgX4DEZ')
 6 SYSTEMPATH\CodeIgniter.php(499): CodeIgniter\CodeIgniter->runController(Object(App\Controllers\Redirect))
 7 SYSTEMPATH\CodeIgniter.php(368): CodeIgniter\CodeIgniter->handleRequest(null, Object(Config\Cache), false)
 8 FCPATH\index.php(67): CodeIgniter\CodeIgniter->run()
CRITICAL - 2023-04-13 03:35:23 --> Call to undefined function App\Controllers\show_404()
in APPPATH\Controllers\Redirect.php on line 22.
 1 SYSTEMPATH\CodeIgniter.php(934): App\Controllers\Redirect->index('favicon.ico')
 2 SYSTEMPATH\CodeIgniter.php(499): CodeIgniter\CodeIgniter->runController(Object(App\Controllers\Redirect))
 3 SYSTEMPATH\CodeIgniter.php(368): CodeIgniter\CodeIgniter->handleRequest(null, Object(Config\Cache), false)
 4 FCPATH\index.php(67): CodeIgniter\CodeIgniter->run()
CRITICAL - 2023-04-13 03:36:42 --> You must set the database table to be used with your query.
in SYSTEMPATH\Database\BaseConnection.php on line 882.
 1 SYSTEMPATH\Model.php(642): CodeIgniter\Database\BaseConnection->table(null)
 2 SYSTEMPATH\Model.php(803): CodeIgniter\Model->builder()
 3 APPPATH\Models\UrlModel.php(35): CodeIgniter\Model->__get('input')
 4 APPPATH\Controllers\Redirect.php(19): App\Models\UrlModel->updateClickCnt('RjefgX4DEZ')
 5 SYSTEMPATH\CodeIgniter.php(934): App\Controllers\Redirect->index('RjefgX4DEZ')
 6 SYSTEMPATH\CodeIgniter.php(499): CodeIgniter\CodeIgniter->runController(Object(App\Controllers\Redirect))
 7 SYSTEMPATH\CodeIgniter.php(368): CodeIgniter\CodeIgniter->handleRequest(null, Object(Config\Cache), false)
 8 FCPATH\index.php(67): CodeIgniter\CodeIgniter->run()
CRITICAL - 2023-04-13 03:36:42 --> Call to undefined function App\Controllers\show_404()
in APPPATH\Controllers\Redirect.php on line 22.
 1 SYSTEMPATH\CodeIgniter.php(934): App\Controllers\Redirect->index('favicon.ico')
 2 SYSTEMPATH\CodeIgniter.php(499): CodeIgniter\CodeIgniter->runController(Object(App\Controllers\Redirect))
 3 SYSTEMPATH\CodeIgniter.php(368): CodeIgniter\CodeIgniter->handleRequest(null, Object(Config\Cache), false)
 4 FCPATH\index.php(67): CodeIgniter\CodeIgniter->run()
CRITICAL - 2023-04-13 03:38:34 --> You must set the database table to be used with your query.
in SYSTEMPATH\Database\BaseConnection.php on line 882.
 1 SYSTEMPATH\Model.php(642): CodeIgniter\Database\BaseConnection->table(null)
 2 SYSTEMPATH\Model.php(803): CodeIgniter\Model->builder()
 3 APPPATH\Models\UrlModel.php(32): CodeIgniter\Model->__get('request')
 4 APPPATH\Controllers\Redirect.php(19): App\Models\UrlModel->updateClickCnt('RjefgX4DEZ')
 5 SYSTEMPATH\CodeIgniter.php(934): App\Controllers\Redirect->index('RjefgX4DEZ')
 6 SYSTEMPATH\CodeIgniter.php(499): CodeIgniter\CodeIgniter->runController(Object(App\Controllers\Redirect))
 7 SYSTEMPATH\CodeIgniter.php(368): CodeIgniter\CodeIgniter->handleRequest(null, Object(Config\Cache), false)
 8 FCPATH\index.php(67): CodeIgniter\CodeIgniter->run()
CRITICAL - 2023-04-13 03:38:34 --> Call to undefined function App\Controllers\show_404()
in APPPATH\Controllers\Redirect.php on line 22.
 1 SYSTEMPATH\CodeIgniter.php(934): App\Controllers\Redirect->index('favicon.ico')
 2 SYSTEMPATH\CodeIgniter.php(499): CodeIgniter\CodeIgniter->runController(Object(App\Controllers\Redirect))
 3 SYSTEMPATH\CodeIgniter.php(368): CodeIgniter\CodeIgniter->handleRequest(null, Object(Config\Cache), false)
 4 FCPATH\index.php(67): CodeIgniter\CodeIgniter->run()
CRITICAL - 2023-04-13 03:38:43 --> You must set the database table to be used with your query.
in SYSTEMPATH\Database\BaseConnection.php on line 882.
 1 SYSTEMPATH\Model.php(642): CodeIgniter\Database\BaseConnection->table(null)
 2 SYSTEMPATH\Model.php(803): CodeIgniter\Model->builder()
 3 APPPATH\Models\UrlModel.php(32): CodeIgniter\Model->__get('request')
 4 APPPATH\Controllers\Redirect.php(19): App\Models\UrlModel->updateClickCnt('RjefgX4DEZ')
 5 SYSTEMPATH\CodeIgniter.php(934): App\Controllers\Redirect->index('RjefgX4DEZ')
 6 SYSTEMPATH\CodeIgniter.php(499): CodeIgniter\CodeIgniter->runController(Object(App\Controllers\Redirect))
 7 SYSTEMPATH\CodeIgniter.php(368): CodeIgniter\CodeIgniter->handleRequest(null, Object(Config\Cache), false)
 8 FCPATH\index.php(67): CodeIgniter\CodeIgniter->run()
CRITICAL - 2023-04-13 03:38:44 --> Call to undefined function App\Controllers\show_404()
in APPPATH\Controllers\Redirect.php on line 22.
 1 SYSTEMPATH\CodeIgniter.php(934): App\Controllers\Redirect->index('favicon.ico')
 2 SYSTEMPATH\CodeIgniter.php(499): CodeIgniter\CodeIgniter->runController(Object(App\Controllers\Redirect))
 3 SYSTEMPATH\CodeIgniter.php(368): CodeIgniter\CodeIgniter->handleRequest(null, Object(Config\Cache), false)
 4 FCPATH\index.php(67): CodeIgniter\CodeIgniter->run()
CRITICAL - 2023-04-13 03:38:44 --> You must set the database table to be used with your query.
in SYSTEMPATH\Database\BaseConnection.php on line 882.
 1 SYSTEMPATH\Model.php(642): CodeIgniter\Database\BaseConnection->table(null)
 2 SYSTEMPATH\Model.php(803): CodeIgniter\Model->builder()
 3 APPPATH\Models\UrlModel.php(32): CodeIgniter\Model->__get('request')
 4 APPPATH\Controllers\Redirect.php(19): App\Models\UrlModel->updateClickCnt('RjefgX4DEZ')
 5 SYSTEMPATH\CodeIgniter.php(934): App\Controllers\Redirect->index('RjefgX4DEZ')
 6 SYSTEMPATH\CodeIgniter.php(499): CodeIgniter\CodeIgniter->runController(Object(App\Controllers\Redirect))
 7 SYSTEMPATH\CodeIgniter.php(368): CodeIgniter\CodeIgniter->handleRequest(null, Object(Config\Cache), false)
 8 FCPATH\index.php(67): CodeIgniter\CodeIgniter->run()
CRITICAL - 2023-04-13 03:38:44 --> Call to undefined function App\Controllers\show_404()
in APPPATH\Controllers\Redirect.php on line 22.
 1 SYSTEMPATH\CodeIgniter.php(934): App\Controllers\Redirect->index('favicon.ico')
 2 SYSTEMPATH\CodeIgniter.php(499): CodeIgniter\CodeIgniter->runController(Object(App\Controllers\Redirect))
 3 SYSTEMPATH\CodeIgniter.php(368): CodeIgniter\CodeIgniter->handleRequest(null, Object(Config\Cache), false)
 4 FCPATH\index.php(67): CodeIgniter\CodeIgniter->run()
CRITICAL - 2023-04-13 03:38:44 --> You must set the database table to be used with your query.
in SYSTEMPATH\Database\BaseConnection.php on line 882.
 1 SYSTEMPATH\Model.php(642): CodeIgniter\Database\BaseConnection->table(null)
 2 SYSTEMPATH\Model.php(803): CodeIgniter\Model->builder()
 3 APPPATH\Models\UrlModel.php(32): CodeIgniter\Model->__get('request')
 4 APPPATH\Controllers\Redirect.php(19): App\Models\UrlModel->updateClickCnt('RjefgX4DEZ')
 5 SYSTEMPATH\CodeIgniter.php(934): App\Controllers\Redirect->index('RjefgX4DEZ')
 6 SYSTEMPATH\CodeIgniter.php(499): CodeIgniter\CodeIgniter->runController(Object(App\Controllers\Redirect))
 7 SYSTEMPATH\CodeIgniter.php(368): CodeIgniter\CodeIgniter->handleRequest(null, Object(Config\Cache), false)
 8 FCPATH\index.php(67): CodeIgniter\CodeIgniter->run()
CRITICAL - 2023-04-13 03:38:45 --> Call to undefined function App\Controllers\show_404()
in APPPATH\Controllers\Redirect.php on line 22.
 1 SYSTEMPATH\CodeIgniter.php(934): App\Controllers\Redirect->index('favicon.ico')
 2 SYSTEMPATH\CodeIgniter.php(499): CodeIgniter\CodeIgniter->runController(Object(App\Controllers\Redirect))
 3 SYSTEMPATH\CodeIgniter.php(368): CodeIgniter\CodeIgniter->handleRequest(null, Object(Config\Cache), false)
 4 FCPATH\index.php(67): CodeIgniter\CodeIgniter->run()
CRITICAL - 2023-04-13 03:38:45 --> You must set the database table to be used with your query.
in SYSTEMPATH\Database\BaseConnection.php on line 882.
 1 SYSTEMPATH\Model.php(642): CodeIgniter\Database\BaseConnection->table(null)
 2 SYSTEMPATH\Model.php(803): CodeIgniter\Model->builder()
 3 APPPATH\Models\UrlModel.php(32): CodeIgniter\Model->__get('request')
 4 APPPATH\Controllers\Redirect.php(19): App\Models\UrlModel->updateClickCnt('RjefgX4DEZ')
 5 SYSTEMPATH\CodeIgniter.php(934): App\Controllers\Redirect->index('RjefgX4DEZ')
 6 SYSTEMPATH\CodeIgniter.php(499): CodeIgniter\CodeIgniter->runController(Object(App\Controllers\Redirect))
 7 SYSTEMPATH\CodeIgniter.php(368): CodeIgniter\CodeIgniter->handleRequest(null, Object(Config\Cache), false)
 8 FCPATH\index.php(67): CodeIgniter\CodeIgniter->run()
CRITICAL - 2023-04-13 03:38:45 --> Call to undefined function App\Controllers\show_404()
in APPPATH\Controllers\Redirect.php on line 22.
 1 SYSTEMPATH\CodeIgniter.php(934): App\Controllers\Redirect->index('favicon.ico')
 2 SYSTEMPATH\CodeIgniter.php(499): CodeIgniter\CodeIgniter->runController(Object(App\Controllers\Redirect))
 3 SYSTEMPATH\CodeIgniter.php(368): CodeIgniter\CodeIgniter->handleRequest(null, Object(Config\Cache), false)
 4 FCPATH\index.php(67): CodeIgniter\CodeIgniter->run()
CRITICAL - 2023-04-13 03:38:45 --> You must set the database table to be used with your query.
in SYSTEMPATH\Database\BaseConnection.php on line 882.
 1 SYSTEMPATH\Model.php(642): CodeIgniter\Database\BaseConnection->table(null)
 2 SYSTEMPATH\Model.php(803): CodeIgniter\Model->builder()
 3 APPPATH\Models\UrlModel.php(32): CodeIgniter\Model->__get('request')
 4 APPPATH\Controllers\Redirect.php(19): App\Models\UrlModel->updateClickCnt('RjefgX4DEZ')
 5 SYSTEMPATH\CodeIgniter.php(934): App\Controllers\Redirect->index('RjefgX4DEZ')
 6 SYSTEMPATH\CodeIgniter.php(499): CodeIgniter\CodeIgniter->runController(Object(App\Controllers\Redirect))
 7 SYSTEMPATH\CodeIgniter.php(368): CodeIgniter\CodeIgniter->handleRequest(null, Object(Config\Cache), false)
 8 FCPATH\index.php(67): CodeIgniter\CodeIgniter->run()
CRITICAL - 2023-04-13 03:38:45 --> Call to undefined function App\Controllers\show_404()
in APPPATH\Controllers\Redirect.php on line 22.
 1 SYSTEMPATH\CodeIgniter.php(934): App\Controllers\Redirect->index('favicon.ico')
 2 SYSTEMPATH\CodeIgniter.php(499): CodeIgniter\CodeIgniter->runController(Object(App\Controllers\Redirect))
 3 SYSTEMPATH\CodeIgniter.php(368): CodeIgniter\CodeIgniter->handleRequest(null, Object(Config\Cache), false)
 4 FCPATH\index.php(67): CodeIgniter\CodeIgniter->run()
CRITICAL - 2023-04-13 03:38:45 --> You must set the database table to be used with your query.
in SYSTEMPATH\Database\BaseConnection.php on line 882.
 1 SYSTEMPATH\Model.php(642): CodeIgniter\Database\BaseConnection->table(null)
 2 SYSTEMPATH\Model.php(803): CodeIgniter\Model->builder()
 3 APPPATH\Models\UrlModel.php(32): CodeIgniter\Model->__get('request')
 4 APPPATH\Controllers\Redirect.php(19): App\Models\UrlModel->updateClickCnt('RjefgX4DEZ')
 5 SYSTEMPATH\CodeIgniter.php(934): App\Controllers\Redirect->index('RjefgX4DEZ')
 6 SYSTEMPATH\CodeIgniter.php(499): CodeIgniter\CodeIgniter->runController(Object(App\Controllers\Redirect))
 7 SYSTEMPATH\CodeIgniter.php(368): CodeIgniter\CodeIgniter->handleRequest(null, Object(Config\Cache), false)
 8 FCPATH\index.php(67): CodeIgniter\CodeIgniter->run()
CRITICAL - 2023-04-13 03:38:45 --> Call to undefined function App\Controllers\show_404()
in APPPATH\Controllers\Redirect.php on line 22.
 1 SYSTEMPATH\CodeIgniter.php(934): App\Controllers\Redirect->index('favicon.ico')
 2 SYSTEMPATH\CodeIgniter.php(499): CodeIgniter\CodeIgniter->runController(Object(App\Controllers\Redirect))
 3 SYSTEMPATH\CodeIgniter.php(368): CodeIgniter\CodeIgniter->handleRequest(null, Object(Config\Cache), false)
 4 FCPATH\index.php(67): CodeIgniter\CodeIgniter->run()
CRITICAL - 2023-04-13 06:10:22 --> Call to undefined function App\Controllers\show_404()
in APPPATH\Controllers\Redirect.php on line 26.
 1 SYSTEMPATH\CodeIgniter.php(934): App\Controllers\Redirect->index('UTzYnXc62t')
 2 SYSTEMPATH\CodeIgniter.php(499): CodeIgniter\CodeIgniter->runController(Object(App\Controllers\Redirect))
 3 SYSTEMPATH\CodeIgniter.php(368): CodeIgniter\CodeIgniter->handleRequest(null, Object(Config\Cache), false)
 4 FCPATH\index.php(67): CodeIgniter\CodeIgniter->run()
CRITICAL - 2023-04-13 06:10:22 --> Call to undefined function App\Controllers\show_404()
in APPPATH\Controllers\Redirect.php on line 26.
 1 SYSTEMPATH\CodeIgniter.php(934): App\Controllers\Redirect->index('favicon.ico')
 2 SYSTEMPATH\CodeIgniter.php(499): CodeIgniter\CodeIgniter->runController(Object(App\Controllers\Redirect))
 3 SYSTEMPATH\CodeIgniter.php(368): CodeIgniter\CodeIgniter->handleRequest(null, Object(Config\Cache), false)
 4 FCPATH\index.php(67): CodeIgniter\CodeIgniter->run()
CRITICAL - 2023-04-13 06:11:22 --> Call to undefined function App\Controllers\show_404()
in APPPATH\Controllers\Redirect.php on line 26.
 1 SYSTEMPATH\CodeIgniter.php(934): App\Controllers\Redirect->index('UTzYnXc62t')
 2 SYSTEMPATH\CodeIgniter.php(499): CodeIgniter\CodeIgniter->runController(Object(App\Controllers\Redirect))
 3 SYSTEMPATH\CodeIgniter.php(368): CodeIgniter\CodeIgniter->handleRequest(null, Object(Config\Cache), false)
 4 FCPATH\index.php(67): CodeIgniter\CodeIgniter->run()
CRITICAL - 2023-04-13 06:11:22 --> Call to undefined function App\Controllers\show_404()
in APPPATH\Controllers\Redirect.php on line 26.
 1 SYSTEMPATH\CodeIgniter.php(934): App\Controllers\Redirect->index('favicon.ico')
 2 SYSTEMPATH\CodeIgniter.php(499): CodeIgniter\CodeIgniter->runController(Object(App\Controllers\Redirect))
 3 SYSTEMPATH\CodeIgniter.php(368): CodeIgniter\CodeIgniter->handleRequest(null, Object(Config\Cache), false)
 4 FCPATH\index.php(67): CodeIgniter\CodeIgniter->run()
CRITICAL - 2023-04-13 06:11:27 --> Call to undefined function App\Controllers\test()
in APPPATH\Controllers\Redirect.php on line 26.
 1 SYSTEMPATH\CodeIgniter.php(934): App\Controllers\Redirect->index('UTzYnXc62t')
 2 SYSTEMPATH\CodeIgniter.php(499): CodeIgniter\CodeIgniter->runController(Object(App\Controllers\Redirect))
 3 SYSTEMPATH\CodeIgniter.php(368): CodeIgniter\CodeIgniter->handleRequest(null, Object(Config\Cache), false)
 4 FCPATH\index.php(67): CodeIgniter\CodeIgniter->run()
CRITICAL - 2023-04-13 06:11:27 --> Call to undefined function App\Controllers\test()
in APPPATH\Controllers\Redirect.php on line 26.
 1 SYSTEMPATH\CodeIgniter.php(934): App\Controllers\Redirect->index('favicon.ico')
 2 SYSTEMPATH\CodeIgniter.php(499): CodeIgniter\CodeIgniter->runController(Object(App\Controllers\Redirect))
 3 SYSTEMPATH\CodeIgniter.php(368): CodeIgniter\CodeIgniter->handleRequest(null, Object(Config\Cache), false)
 4 FCPATH\index.php(67): CodeIgniter\CodeIgniter->run()
CRITICAL - 2023-04-13 06:11:27 --> Call to undefined function App\Controllers\test()
in APPPATH\Controllers\Redirect.php on line 26.
 1 SYSTEMPATH\CodeIgniter.php(934): App\Controllers\Redirect->index('UTzYnXc62t')
 2 SYSTEMPATH\CodeIgniter.php(499): CodeIgniter\CodeIgniter->runController(Object(App\Controllers\Redirect))
 3 SYSTEMPATH\CodeIgniter.php(368): CodeIgniter\CodeIgniter->handleRequest(null, Object(Config\Cache), false)
 4 FCPATH\index.php(67): CodeIgniter\CodeIgniter->run()
CRITICAL - 2023-04-13 06:11:28 --> Call to undefined function App\Controllers\test()
in APPPATH\Controllers\Redirect.php on line 26.
 1 SYSTEMPATH\CodeIgniter.php(934): App\Controllers\Redirect->index('favicon.ico')
 2 SYSTEMPATH\CodeIgniter.php(499): CodeIgniter\CodeIgniter->runController(Object(App\Controllers\Redirect))
 3 SYSTEMPATH\CodeIgniter.php(368): CodeIgniter\CodeIgniter->handleRequest(null, Object(Config\Cache), false)
 4 FCPATH\index.php(67): CodeIgniter\CodeIgniter->run()
CRITICAL - 2023-04-13 06:11:28 --> Call to undefined function App\Controllers\test()
in APPPATH\Controllers\Redirect.php on line 26.
 1 SYSTEMPATH\CodeIgniter.php(934): App\Controllers\Redirect->index('UTzYnXc62t')
 2 SYSTEMPATH\CodeIgniter.php(499): CodeIgniter\CodeIgniter->runController(Object(App\Controllers\Redirect))
 3 SYSTEMPATH\CodeIgniter.php(368): CodeIgniter\CodeIgniter->handleRequest(null, Object(Config\Cache), false)
 4 FCPATH\index.php(67): CodeIgniter\CodeIgniter->run()
CRITICAL - 2023-04-13 06:11:28 --> Call to undefined function App\Controllers\test()
in APPPATH\Controllers\Redirect.php on line 26.
 1 SYSTEMPATH\CodeIgniter.php(934): App\Controllers\Redirect->index('favicon.ico')
 2 SYSTEMPATH\CodeIgniter.php(499): CodeIgniter\CodeIgniter->runController(Object(App\Controllers\Redirect))
 3 SYSTEMPATH\CodeIgniter.php(368): CodeIgniter\CodeIgniter->handleRequest(null, Object(Config\Cache), false)
 4 FCPATH\index.php(67): CodeIgniter\CodeIgniter->run()
CRITICAL - 2023-04-13 06:11:28 --> Call to undefined function App\Controllers\test()
in APPPATH\Controllers\Redirect.php on line 26.
 1 SYSTEMPATH\CodeIgniter.php(934): App\Controllers\Redirect->index('UTzYnXc62t')
 2 SYSTEMPATH\CodeIgniter.php(499): CodeIgniter\CodeIgniter->runController(Object(App\Controllers\Redirect))
 3 SYSTEMPATH\CodeIgniter.php(368): CodeIgniter\CodeIgniter->handleRequest(null, Object(Config\Cache), false)
 4 FCPATH\index.php(67): CodeIgniter\CodeIgniter->run()
CRITICAL - 2023-04-13 06:11:28 --> Call to undefined function App\Controllers\test()
in APPPATH\Controllers\Redirect.php on line 26.
 1 SYSTEMPATH\CodeIgniter.php(934): App\Controllers\Redirect->index('favicon.ico')
 2 SYSTEMPATH\CodeIgniter.php(499): CodeIgniter\CodeIgniter->runController(Object(App\Controllers\Redirect))
 3 SYSTEMPATH\CodeIgniter.php(368): CodeIgniter\CodeIgniter->handleRequest(null, Object(Config\Cache), false)
 4 FCPATH\index.php(67): CodeIgniter\CodeIgniter->run()
CRITICAL - 2023-04-13 10:31:56 --> Call to undefined function App\Controllers\show_404()
in APPPATH\Controllers\Redirect.php on line 26.
 1 SYSTEMPATH\CodeIgniter.php(934): App\Controllers\Redirect->index('ay0DU17YK2')
 2 SYSTEMPATH\CodeIgniter.php(499): CodeIgniter\CodeIgniter->runController(Object(App\Controllers\Redirect))
 3 SYSTEMPATH\CodeIgniter.php(368): CodeIgniter\CodeIgniter->handleRequest(null, Object(Config\Cache), false)
 4 FCPATH\index.php(67): CodeIgniter\CodeIgniter->run()
CRITICAL - 2023-04-13 10:31:56 --> Call to undefined function App\Controllers\show_404()
in APPPATH\Controllers\Redirect.php on line 26.
 1 SYSTEMPATH\CodeIgniter.php(934): App\Controllers\Redirect->index('favicon.ico')
 2 SYSTEMPATH\CodeIgniter.php(499): CodeIgniter\CodeIgniter->runController(Object(App\Controllers\Redirect))
 3 SYSTEMPATH\CodeIgniter.php(368): CodeIgniter\CodeIgniter->handleRequest(null, Object(Config\Cache), false)
 4 FCPATH\index.php(67): CodeIgniter\CodeIgniter->run()
